{
  "RSpec": {
    "coverage": {
      "/Users/bendowsett/Desktop/Projects/bank/spec/bank_account_spec.rb": {
        "lines": [
          1,
          null,
          1,
          1,
          1,
          1,
          null,
          1,
          1,
          1,
          null,
          1,
          1,
          1,
          null,
          1,
          1,
          1,
          null,
          1,
          1,
          1,
          1,
          null,
          1,
          1,
          1,
          1,
          null,
          1,
          1,
          1,
          null,
          1,
          1,
          1,
          1,
          1,
          null,
          null
        ]
      },
      "/Users/bendowsett/Desktop/Projects/bank/lib/bank_account.rb": {
        "lines": [
          1,
          1,
          null,
          1,
          1,
          1,
          8,
          8,
          null,
          null,
          1,
          3,
          3,
          null,
          null,
          1,
          1,
          1,
          null,
          null,
          null
        ]
      },
      "/Users/bendowsett/Desktop/Projects/bank/lib/transaction.rb": {
        "lines": [
          1,
          1,
          5,
          5,
          5,
          5,
          null,
          null,
          null
        ]
      },
      "/Users/bendowsett/Desktop/Projects/bank/lib/statement.rb": {
        "lines": [
          1,
          1,
          1,
          11,
          null,
          null,
          1,
          null,
          null
        ]
      },
      "/Users/bendowsett/Desktop/Projects/bank/spec/statement_spec.rb": {
        "lines": [
          1,
          null,
          1,
          1,
          1,
          1,
          null,
          1,
          1,
          1,
          null,
          1,
          1,
          1,
          null,
          null
        ]
      },
      "/Users/bendowsett/Desktop/Projects/bank/spec/transaction_spec.rb": {
        "lines": [
          1,
          null,
          1,
          1,
          1,
          1,
          null,
          null,
          null
        ]
      }
    },
    "timestamp": 1641377543
  }
}
